[2020-02-05 20:11:52] local.ERROR: Maximum execution time of 30 seconds exceeded {"exception":"[object] (Symfony\\Component\\Debug\\Exception\\FatalErrorException(code: 1): Maximum execution time of 30 seconds exceeded at C:\\xampp\\api\\vendor\\laravel\\framework\\src\\Illuminate\\Contracts\\Routing\\UrlRoutable.php:5)
[stacktrace]
#0 {main}
"} 
[2020-02-05 20:12:01] local.ERROR: Maximum execution time of 30 seconds exceeded {"exception":"[object] (Symfony\\Component\\Debug\\Exception\\FatalErrorException(code: 1): Maximum execution time of 30 seconds exceeded at C:\\xampp\\api\\vendor\
esbot\\carbon\\src\\Carbon\\Traits\\Units.php:23)
[stacktrace]
#0 {main}
"} 
[2020-02-05 20:12:01] local.ERROR: Maximum execution time of 30 seconds exceeded {"exception":"[object] (Symfony\\Component\\Debug\\Exception\\FatalErrorException(code: 1): Maximum execution time of 30 seconds exceeded at C:\\xampp\\api\\vendor\
esbot\\carbon\\src\\Carbon\\Traits\\Rounding.php:26)
[stacktrace]
#0 {main}
"} 
[2020-02-05 20:12:01] local.ERROR: Maximum execution time of 30 seconds exceeded {"exception":"[object] (Symfony\\Component\\Debug\\Exception\\FatalErrorException(code: 1): Maximum execution time of 30 seconds exceeded at C:\\xampp\\api\\vendor\
esbot\\carbon\\src\\Carbon\\Traits\\Units.php:23)
[stacktrace]
#0 {main}
"} 
[2020-02-05 20:12:01] local.ERROR: Maximum execution time of 30 seconds exceeded {"exception":"[object] (Symfony\\Component\\Debug\\Exception\\FatalErrorException(code: 1): Maximum execution time of 30 seconds exceeded at C:\\xampp\\api\\vendor\
esbot\\carbon\\src\\Carbon\\Traits\\Units.php:23)
[stacktrace]
#0 {main}
"} 
